::1 - - [10/Jan/2019:03:12:15 +0000] "GET / HTTP/1.1" 200 -
::1 - - [10/Jan/2019:03:12:15 +0000] "GET /fonts/pe-icon-7-stroke/css/pe-icon-7-stroke.css HTTP/1.1" 200 -
::1 - - [10/Jan/2019:03:12:15 +0000] "GET /fonts/font-awesome/css/font-awesome.css HTTP/1.1" 200 -
::1 - - [10/Jan/2019:03:12:15 +0000] "GET /css/settings.css HTTP/1.1" 200 -
::1 - - [10/Jan/2019:03:12:15 +0000] "GET /js/extensions/revolution.extension.actions.min.js HTTP/1.1" 200 -
::1 - - [10/Jan/2019:03:12:15 +0000] "GET /js/jquery.themepunch.revolution.min.js HTTP/1.1" 200 -
::1 - - [10/Jan/2019:03:12:15 +0000] "GET /js/extensions/revolution.extension.carousel.min.js HTTP/1.1" 200 -
::1 - - [10/Jan/2019:03:12:15 +0000] "GET /js/jquery.themepunch.tools.min.js HTTP/1.1" 200 -
::1 - - [10/Jan/2019:03:12:15 +0000] "GET /js/extensions/revolution.extension.kenburn.min.js HTTP/1.1" 200 -
::1 - - [10/Jan/2019:03:12:15 +0000] "GET /js/extensions/revolution.extension.layeranimation.min.js HTTP/1.1" 200 -
::1 - - [10/Jan/2019:03:12:15 +0000] "GET /js/extensions/revolution.extension.migration.min.js HTTP/1.1" 200 -
::1 - - [10/Jan/2019:03:12:15 +0000] "GET /js/extensions/revolution.extension.navigation.min.js HTTP/1.1" 200 -
::1 - - [10/Jan/2019:03:12:15 +0000] "GET /js/extensions/revolution.extension.parallax.min.js HTTP/1.1" 200 -
::1 - - [10/Jan/2019:03:12:15 +0000] "GET /js/extensions/revolution.extension.slideanims.min.js HTTP/1.1" 200 -
::1 - - [10/Jan/2019:03:12:15 +0000] "GET /js/extensions/revolution.extension.video.min.js HTTP/1.1" 200 -
::1 - - [10/Jan/2019:03:12:15 +0000] "GET /assets/images/transparent.png HTTP/1.1" 200 71
::1 - - [10/Jan/2019:03:12:15 +0000] "GET /assets/images/Hello-World.jpg HTTP/1.1" 200 116866
::1 - - [10/Jan/2019:03:12:16 +0000] "GET /assets/images/anotherbg3.jpg HTTP/1.1" 200 56301
::1 - - [10/Jan/2019:03:12:16 +0000] "GET /assets/warning.js HTTP/1.1" 200 -
::1 - - [10/Jan/2019:03:12:16 +0000] "GET /fonts/font-awesome/fonts/fontawesome-webfont.woff2?v=4.7.0 HTTP/1.1" 200 77160
::1 - - [10/Jan/2019:03:12:17 +0000] "GET /assets/svg/navigation/ic_close_24px.svg HTTP/1.1" 200 202
::1 - - [10/Jan/2019:03:12:17 +0000] "GET /assets/svg/hardware/ic_keyboard_arrow_down_24px.svg HTTP/1.1" 200 148
::1 - - [10/Jan/2019:03:12:17 +0000] "GET /assets/svg/navigation/ic_close_24px.svg HTTP/1.1" 304 -
::1 - - [10/Jan/2019:03:12:17 +0000] "GET /assets/svg/av/ic_play_arrow_24px.svg HTTP/1.1" 200 114
::1 - - [10/Jan/2019:03:12:18 +0000] "GET /assets/svg/hardware/ic_keyboard_arrow_down_24px.svg HTTP/1.1" 304 -
::1 - - [10/Jan/2019:03:12:18 +0000] "GET /fonts/revicons/revicons.woff?5510888 HTTP/1.1" 200 7536
::1 - - [10/Jan/2019:03:12:21 +0000] "GET /assets/videos/Hello-World.mp4 HTTP/1.1" 206 4683685
::1 - - [10/Jan/2019:03:12:21 +0000] "GET /favicon.ico HTTP/1.1" 404 150
